<?xml version="1.0" encoding="UTF-8" ?>
<testsuite failures="0" time="0.054" errors="0" skipped="3" tests="4" name="es.tena.foundation.util.TestSQLUtil">
  <properties>
[...]
</properties>
  <testcase time="0" classname="es.tena.foundation.util.TestSQLUtil" name="testToStringSQL">
    <skipped/>
  </testcase>
  <testcase time="0.016" classname="es.tena.foundation.util.TestSQLUtil" name="testSqlQuote"/>
  <testcase time="0.016" classname="es.tena.foundation.util.TestSQLUtil" name="testFechaToOracle">
    <skipped/>
  </testcase>
  <testcase time="0.016" classname="es.tena.foundation.util.TestSQLUtil" name="testGetParameters">
    <skipped/>
  </testcase>
</testsuite>